<?xml version="1.0" encoding="UTF-8"?>
<testng-results skipped="0" failed="0" ignored="0" total="1" passed="1">
  <reporter-output>
  </reporter-output>
  <suite name="Default suite" duration-ms="145664" started-at="2024-09-26T14:39:22 IST" finished-at="2024-09-26T14:41:47 IST">
    <groups>
    </groups>
    <test name="Default test" duration-ms="145664" started-at="2024-09-26T14:39:22 IST" finished-at="2024-09-26T14:41:47 IST">
      <class name="tasks.D3_Task1Test">
        <test-method status="PASS" signature="practicalTest()[pri:0, instance:tasks.D3_Task1Test@1d8d30f7]" name="practicalTest" duration-ms="145184" started-at="2024-09-26T14:39:22 IST" finished-at="2024-09-26T14:41:47 IST">
          <reporter-output>
          </reporter-output>
        </test-method> <!-- practicalTest -->
      </class> <!-- tasks.D3_Task1Test -->
    </test> <!-- Default test -->
  </suite> <!-- Default suite -->
</testng-results>
